<?xml version="1.0" encoding="UTF-8"?>
<testsuites name="FirstSuite" time="52" tests="1" failures="0" errors="0">
   <testsuite name="FirstSuite" tests="1" failures="0" errors="0" time="52" timestamp="2018-11-03 21:42:49" hostname="C-Deepak.Jindal - TILLT000869.timesgroup.com" id="Test Suites/FirstSuite">
      <properties>
         <property name="deviceName" value="motorola Moto G (4) (Android 7.0)"/>
         <property name="devicePlatform" value=""/>
         <property name="logFolder" value="C:\\Users\\c-deepak.jindal\\Katalon Studio\\AndroidDemo\\Reports\\FirstSuite\\20181103_214245"/>
         <property name="logFiles" value="C:\\Users\\c-deepak.jindal\\Katalon Studio\\AndroidDemo\\Reports\\FirstSuite\\20181103_214245\\appium.log, C:\\Users\\c-deepak.jindal\\Katalon Studio\\AndroidDemo\\Reports\\FirstSuite\\20181103_214245\\execution0.log"/>
         <property name="attachments" value=""/>
         <property name="hostName" value="C-Deepak.Jindal - TILLT000869.timesgroup.com"/>
         <property name="os" value="Windows 8.1 64bit"/>
         <property name="katalonVersion" value="5.8.5.1"/>
         <property name="deviceOS" value="Android"/>
         <property name="appiumVersion" value="1.8.1"/>
         <property name="deviceModel" value="Moto G (4)"/>
         <property name="hostAddress" value="192.168.1.5"/>
         <property name="deviceManufacturer" value="motorola"/>
         <property name="deviceId" value="ZY223DDFBF"/>
         <property name="deviceName" value="motorola Moto G (4) (Android 7.0)"/>
         <property name="deviceOSVersion" value="7.0"/>
      </properties>
      <testcase name="Test Cases/BasicTest" classname="Test Cases/BasicTest" status="PASSED">
         <system-out><![CDATA[2018-11-03 21:42:50 - [TEST_CASE][PASSED] - Test Cases/BasicTest: Test Cases/BasicTest

2018-11-03 21:42:50 - [TEST_STEP][PASSED] - startApplication: Started app at: 'C:\Users\c-deepak.jindal\Desktop\ApiDemos-debug.apk'

2018-11-03 21:43:31 - [MESSAGE][PASSED] - Started app at: 'C:\Users\c-deepak.jindal\Desktop\ApiDemos-debug.apk'

2018-11-03 21:43:31 - [TEST_STEP][PASSED] - tap: Tapped on element 'Object Repository/android.widget.TextView9 - Preference'

2018-11-03 21:43:31 - [MESSAGE][WARNING] - Timeout '0' is invalid. Using default page load timeout: '30'

2018-11-03 21:43:33 - [MESSAGE][PASSED] - Tapped on element 'Object Repository/android.widget.TextView9 - Preference'

2018-11-03 21:43:33 - [TEST_STEP][PASSED] - tap: Tapped on element 'Object Repository/android.widget.TextView3 - 3. Preference dependencies'

2018-11-03 21:43:33 - [MESSAGE][WARNING] - Timeout '0' is invalid. Using default page load timeout: '30'

2018-11-03 21:43:34 - [MESSAGE][PASSED] - Tapped on element 'Object Repository/android.widget.TextView3 - 3. Preference dependencies'

2018-11-03 21:43:34 - [TEST_STEP][PASSED] - tap: Tapped on element 'Object Repository/android.widget.CheckBox0'

2018-11-03 21:43:34 - [MESSAGE][WARNING] - Timeout '0' is invalid. Using default page load timeout: '30'

2018-11-03 21:43:35 - [MESSAGE][PASSED] - Tapped on element 'Object Repository/android.widget.CheckBox0'

2018-11-03 21:43:35 - [TEST_STEP][PASSED] - closeApplication: Close app successfully

2018-11-03 21:43:41 - [MESSAGE][PASSED] - Close app successfully]]></system-out>
         <system-err><![CDATA[]]></system-err>
      </testcase>
      <system-out><![CDATA[2018-11-03 21:42:49 - [TEST_SUITE][PASSED] - FirstSuite: Test Cases/BasicTest]]></system-out>
      <system-err><![CDATA[]]></system-err>
   </testsuite>
</testsuites>
